#
# There is insufficient memory for the Java Runtime Environment to continue.
# Native memory allocation (mmap) failed to map 260046848 bytes for Failed to commit area from 0x0000000709400000 to 0x0000000718c00000 of length 260046848.
# Possible reasons:
#   The system is out of physical RAM or swap space
#   The process is running with CompressedOops enabled, and the Java Heap may be blocking the growth of the native heap
# Possible solutions:
#   Reduce memory load on the system
#   Increase physical memory or swap space
#   Check if swap backing store is full
#   Decrease Java heap size (-Xmx/-Xms)
#   Decrease number of Java threads
#   Decrease Java thread stack sizes (-Xss)
#   Set larger code cache with -XX:ReservedCodeCacheSize=
# This output file may be truncated or incomplete.
#
#  Out of Memory Error (./src/hotspot/os/windows/os_windows.cpp:3386), pid=32244, tid=10104
#
# JRE version:  (11.0.18+10) (build )
# Java VM: OpenJDK 64-Bit Server VM (11.0.18+10-LTS, mixed mode, sharing, tiered, compressed oops, g1 gc, windows-amd64)
# No core dump will be written. Minidumps are not enabled by default on client versions of Windows
#

---------------  S U M M A R Y ------------

Command Line: org.jetbrains.kotlin.cli.jvm.K2JVMCompiler @C:\Users\Ganesh\OneDrive\Desktop\Native_Apps\ProjectNativeJs\node_modules\react-native-screens\android\build\20230514_9012142252322983367.compiler.options

Host: AMD Ryzen 7 4800H with Radeon Graphics         , 16 cores, 15G,  Windows 11 , 64 bit Build 22621 (10.0.22621.1635)
Time: Sun May 14 12:57:52 2023 India Standard Time elapsed time: 0.016736 seconds (0d 0h 0m 0s)

---------------  T H R E A D  ---------------

Current thread (0x000002ca4cdd1000):  JavaThread "Unknown thread" [_thread_in_vm, id=10104, stack(0x000000dfe2f00000,0x000000dfe3000000)]

Stack: [0x000000dfe2f00000,0x000000dfe3000000]
Native frames: (J=compiled Java code, j=interpreted, Vv=VM code, C=native code)
V  [jvm.dll+0x62bf8a]
V  [jvm.dll+0x7b8fb9]
V  [jvm.dll+0x7ba6a8]
V  [jvm.dll+0x7bad83]
V  [jvm.dll+0x250248]
V  [jvm.dll+0x62929a]
V  [jvm.dll+0x61d855]
V  [jvm.dll+0x30c32c]
V  [jvm.dll+0x30c1b2]
V  [jvm.dll+0x310ec6]
V  [jvm.dll+0x356f0f]
V  [jvm.dll+0x356940]
V  [jvm.dll+0x2e9348]
V  [jvm.dll+0x2ea4a6]
V  [jvm.dll+0x792e07]
V  [jvm.dll+0x79458f]
V  [jvm.dll+0x363c69]
V  [jvm.dll+0x775d70]
V  [jvm.dll+0x3d297f]
V  [jvm.dll+0x3d4d11]
C  [jli.dll+0x5207]
C  [ucrtbase.dll+0x29363]
C  [KERNEL32.DLL+0x126ad]
C  [ntdll.dll+0x5a9f8]


---------------  P R O C E S S  ---------------

Threads class SMR info:
_java_thread_list=0x000002ca4ac4b300, length=0, elements={
}

Java Threads: ( => current thread )

Other Threads:
  0x000002ca4cdeb000 GCTaskThread "GC Thread#0" [stack: 0x000000dfe3000000,0x000000dfe3100000] [id=31260]
  0x000002ca4ce46800 ConcurrentGCThread "G1 Main Marker" [stack: 0x000000dfe3100000,0x000000dfe3200000] [id=30316]
  0x000002ca4ce48000 ConcurrentGCThread "G1 Conc#0" [stack: 0x000000dfe3200000,0x000000dfe3300000] [id=21144]

[error occurred during error reporting (printing all threads), id 0xc0000005, EXCEPTION_ACCESS_VIOLATION (0xc0000005) at pc=0x00007ffbaf0e8b17]

VM state:not at safepoint (not fully initialized)

VM Mutex/Monitor currently owned by a thread:  ([mutex/lock_event])
[0x000002ca4cdccf80] Heap_lock - owner thread: 0x000002ca4cdd1000

Heap address: 0x0000000709400000, size: 3948 MB, Compressed Oops mode: Non-zero based: 0x0000000709400000
Narrow klass base: 0x0000000000000000, Narrow klass shift: 0

GC Heap History (0 events):
No events

Deoptimization events (0 events):
No events

Classes redefined (0 events):
No events

Internal exceptions (0 events):
No events

Events (1 events):
Event: 0.011 Loaded shared library C:\Program Files\Microsoft\jdk-11.0.18.10-hotspot\bin\zip.dll


Dynamic libraries:
0x00007ff657b90000 - 0x00007ff657b9d000 	C:\Program Files\Microsoft\jdk-11.0.18.10-hotspot\bin\java.exe
0x00007ffc87e90000 - 0x00007ffc880a4000 	C:\WINDOWS\SYSTEM32\ntdll.dll
0x00007ffc86420000 - 0x00007ffc864e2000 	C:\WINDOWS\System32\KERNEL32.DLL
0x00007ffc85620000 - 0x00007ffc859c3000 	C:\WINDOWS\System32\KERNELBASE.dll
0x00007ffc85af0000 - 0x00007ffc85c01000 	C:\WINDOWS\System32\ucrtbase.dll
0x00007ffc825c0000 - 0x00007ffc825d7000 	C:\Program Files\Microsoft\jdk-11.0.18.10-hotspot\bin\jli.dll
0x00007ffc85cf0000 - 0x00007ffc85e9b000 	C:\WINDOWS\System32\USER32.dll
0x00007ffc82630000 - 0x00007ffc82645000 	C:\Program Files\Microsoft\jdk-11.0.18.10-hotspot\bin\VCRUNTIME140.dll
0x00007ffc85370000 - 0x00007ffc85396000 	C:\WINDOWS\System32\win32u.dll
0x00007ffc71b00000 - 0x00007ffc71d8e000 	C:\WINDOWS\WinSxS\amd64_microsoft.windows.common-controls_6595b64144ccf1df_6.0.22621.1635_none_270f70857386168e\COMCTL32.dll
0x00007ffc87440000 - 0x00007ffc874e7000 	C:\WINDOWS\System32\msvcrt.dll
0x00007ffc861c0000 - 0x00007ffc861e9000 	C:\WINDOWS\System32\GDI32.dll
0x00007ffc859d0000 - 0x00007ffc85ae8000 	C:\WINDOWS\System32\gdi32full.dll
0x00007ffc85580000 - 0x00007ffc8561a000 	C:\WINDOWS\System32\msvcp_win.dll
0x00007ffc862c0000 - 0x00007ffc862f1000 	C:\WINDOWS\System32\IMM32.DLL
0x00007ffc263d0000 - 0x00007ffc2646b000 	C:\Program Files\Microsoft\jdk-11.0.18.10-hotspot\bin\msvcp140.dll
0x00007ffbaedf0000 - 0x00007ffbaf982000 	C:\Program Files\Microsoft\jdk-11.0.18.10-hotspot\bin\server\jvm.dll
0x00007ffc87b00000 - 0x00007ffc87bae000 	C:\WINDOWS\System32\ADVAPI32.dll
0x00007ffc861f0000 - 0x00007ffc86294000 	C:\WINDOWS\System32\sechost.dll
0x00007ffc87280000 - 0x00007ffc87397000 	C:\WINDOWS\System32\RPCRT4.dll
0x00007ffc861b0000 - 0x00007ffc861b8000 	C:\WINDOWS\System32\PSAPI.DLL
0x00007ffc7ddb0000 - 0x00007ffc7dde4000 	C:\WINDOWS\SYSTEM32\WINMM.dll
0x00007ffc82600000 - 0x00007ffc82609000 	C:\WINDOWS\SYSTEM32\WSOCK32.dll
0x00007ffc873c0000 - 0x00007ffc87431000 	C:\WINDOWS\System32\WS2_32.dll
0x00007ffc7d660000 - 0x00007ffc7d66a000 	C:\WINDOWS\SYSTEM32\VERSION.dll
0x00007ffc84350000 - 0x00007ffc84368000 	C:\WINDOWS\SYSTEM32\kernel.appcore.dll
0x00007ffc825b0000 - 0x00007ffc825c0000 	C:\Program Files\Microsoft\jdk-11.0.18.10-hotspot\bin\verify.dll
0x00007ffc7c400000 - 0x00007ffc7c62e000 	C:\WINDOWS\SYSTEM32\DBGHELP.DLL
0x00007ffc864f0000 - 0x00007ffc86879000 	C:\WINDOWS\System32\combase.dll
0x00007ffc871a0000 - 0x00007ffc87277000 	C:\WINDOWS\System32\OLEAUT32.dll
0x00007ffc798c0000 - 0x00007ffc798f2000 	C:\WINDOWS\SYSTEM32\dbgcore.DLL
0x00007ffc85c10000 - 0x00007ffc85c8b000 	C:\WINDOWS\System32\bcryptPrimitives.dll
0x00007ffc59c70000 - 0x00007ffc59c98000 	C:\Program Files\Microsoft\jdk-11.0.18.10-hotspot\bin\java.dll
0x00007ffc825a0000 - 0x00007ffc825aa000 	C:\Program Files\Microsoft\jdk-11.0.18.10-hotspot\bin\jimage.dll
0x00007ffc477e0000 - 0x00007ffc477f8000 	C:\Program Files\Microsoft\jdk-11.0.18.10-hotspot\bin\zip.dll

dbghelp: loaded successfully - version: 4.0.5 - missing functions: none
symbol engine: initialized successfully - sym options: 0x614 - pdb path: .;C:\Program Files\Microsoft\jdk-11.0.18.10-hotspot\bin;C:\WINDOWS\SYSTEM32;C:\WINDOWS\WinSxS\amd64_microsoft.windows.common-controls_6595b64144ccf1df_6.0.22621.1635_none_270f70857386168e;C:\Program Files\Microsoft\jdk-11.0.18.10-hotspot\bin\server

VM Arguments:
java_command: org.jetbrains.kotlin.cli.jvm.K2JVMCompiler @C:\Users\Ganesh\OneDrive\Desktop\Native_Apps\ProjectNativeJs\node_modules\react-native-screens\android\build\20230514_9012142252322983367.compiler.options
java_class_path (initial): C:\Users\Ganesh\.gradle\caches\modules-2\files-2.1\org.jetbrains.kotlin\kotlin-compiler-embeddable\1.6.21\97bdd5a752ce73b58ef16c17bc7f0ea2faff7a2e\kotlin-compiler-embeddable-1.6.21.jar;C:\Users\Ganesh\.gradle\caches\modules-2\files-2.1\org.jetbrains.kotlin\kotlin-reflect\1.6.21\5dc3574d9b7bebfcb4ec6b10ada4aaa9e140bd0b\kotlin-reflect-1.6.21.jar;C:\Users\Ganesh\.gradle\caches\modules-2\files-2.1\org.jetbrains.kotlin\kotlin-stdlib\1.6.21\11ef67f1900634fd951bad28c53ec957fabbe5b8\kotlin-stdlib-1.6.21.jar;C:\Users\Ganesh\.gradle\caches\modules-2\files-2.1\org.jetbrains.kotlin\kotlin-script-runtime\1.6.21\99c6675100da5d6d5b1c5a1032f27f28008d101b\kotlin-script-runtime-1.6.21.jar;C:\Users\Ganesh\.gradle\caches\modules-2\files-2.1\org.jetbrains.kotlin\kotlin-daemon-embeddable\1.6.21\46b78cf392e1c4f10854c3cadba44abb7b82250f\kotlin-daemon-embeddable-1.6.21.jar;C:\Users\Ganesh\.gradle\caches\modules-2\files-2.1\org.jetbrains.intellij.deps\trove4j\1.0.20200330\3afb14d5f9ceb459d724e907a21145e8ff394f02\trove4j-1.0.20200330.jar;C:\Users\Ganesh\.gradle\caches\modules-2\files-2.1\net.java.dev.jna\jna\5.6.0\330f2244e9030119ab3030fc3fededc86713d9cc\jna-5.6.0.jar;C:\Users\Ganesh\.gradle\caches\modules-2\files-2.1\org.jetbrains.kotlin\kotlin-stdlib-common\1.6.21\5e5b55c26dbc80372a920aef60eb774b714559b8\kotlin-stdlib-common-1.6.21.jar;C:\Users\Ganesh\.gradle\caches\modules-2\files-2.1\org.jetbrains\annotations\13.0\919f0dfe192fb4e063e7dacadee7f8bb9a2672a9\annotations-13.0.jar
Launcher Type: SUN_STANDARD

[Global flags]
     intx CICompilerCount                          = 12                                        {product} {ergonomic}
     uint ConcGCThreads                            = 3                                         {product} {ergonomic}
     uint G1ConcRefinementThreads                  = 13                                        {product} {ergonomic}
   size_t G1HeapRegionSize                         = 1048576                                   {product} {ergonomic}
    uintx GCDrainStackTargetSize                   = 64                                        {product} {ergonomic}
   size_t InitialHeapSize                          = 260046848                                 {product} {ergonomic}
   size_t MarkStackSize                            = 4194304                                   {product} {ergonomic}
   size_t MaxHeapSize                              = 4139778048                                {product} {ergonomic}
   size_t MinHeapDeltaBytes                        = 1048576                                   {product} {ergonomic}
    uintx NonNMethodCodeHeapSize                   = 7594288                                {pd product} {ergonomic}
    uintx NonProfiledCodeHeapSize                  = 122031976                              {pd product} {ergonomic}
    uintx ProfiledCodeHeapSize                     = 122031976                              {pd product} {ergonomic}
    uintx ReservedCodeCacheSize                    = 251658240                              {pd product} {ergonomic}
     bool SegmentedCodeCache                       = true                                      {product} {ergonomic}
     bool UseCompressedClassPointers               = true                                 {lp64_product} {ergonomic}
     bool UseCompressedOops                        = true                                 {lp64_product} {ergonomic}
     bool UseG1GC                                  = true                                      {product} {ergonomic}
     bool UseLargePagesIndividualAllocation        = false                                  {pd product} {ergonomic}

Logging:
Log output configuration:
 #0: stdout all=warning uptime,level,tags
 #1: stderr all=off uptime,level,tags

Environment Variables:
JAVA_HOME=C:\Program Files\Microsoft\jdk-11.0.18.10-hotspot\
CLASSPATH=C:\Users\Ganesh\OneDrive\Desktop\Native_Apps\ProjectNativeJs\android\\gradle\wrapper\gradle-wrapper.jar
PATH=C:\Users\Ganesh\OneDrive\Desktop\Native_Apps\ProjectNativeJs\android\node_modules\.bin;C:\Users\Ganesh\OneDrive\Desktop\Native_Apps\ProjectNativeJs\node_modules\.bin;C:\Users\Ganesh\OneDrive\Desktop\Native_Apps\node_modules\.bin;C:\Users\Ganesh\OneDrive\Desktop\node_modules\.bin;C:\Users\Ganesh\OneDrive\node_modules\.bin;C:\Users\Ganesh\node_modules\.bin;C:\Users\node_modules\.bin;C:\node_modules\.bin;C:\Program Files\nodejs;C:\Users\Ganesh\OneDrive\Desktop\Native_Apps\ProjectNativeJs\node_modules\.bin;C:\Users\Ganesh\OneDrive\Desktop\Native_Apps\ProjectNativeJs\node_modules\.bin;C:\Users\Ganesh\OneDrive\Desktop\Native_Apps\node_modules\.bin;C:\Users\Ganesh\OneDrive\Desktop\node_modules\.bin;C:\Users\Ganesh\OneDrive\node_modules\.bin;C:\Users\Ganesh\node_modules\.bin;C:\Users\node_modules\.bin;C:\node_modules\.bin;C:\Program Files\nodejs\node_modules\npm\node_modules\@npmcli\run-script\lib\node-gyp-bin;C:\Program Files\Microsoft\jdk-11.0.18.10-hotspot\bin;C:\Program Files (x86)\Common Files\Intel\Shared Libraries\redist\intel64\compiler;C:\Windows\system32;C:\Windows;C:\Windows\System32\Wbem;C:\Windows\System32\WindowsPowerShell\v1.0\;C:\Windows\System32\OpenSSH\;C:\Program Files (x86)\NVIDIA Corporation\PhysX\Common;C:\Program Files\NVIDIA Corporation\NVIDIA NvDLISR;C:\Program Files\Microsoft SQL Server\120\Tools\Binn\;C:\Program Files\Common Files\Autodesk Shared\;C:\Program Files\Git\cmd;C:\Program Files\Common Files\Autodesk Shared\Advance\;C:\Program Files (x86)\Common Files\Autodesk Shared\Advance\;C:\WINDOWS\system32;C:\WINDOWS;C:\WINDOWS\System32\Wbem;C:\WINDOWS\System32\WindowsPowerShell\v1.0\;C:\WINDOWS\System32\OpenSSH\;C:\ProgramData\chocolatey\bin;C:\Program Files\dotnet\;C:\Program Files\nodejs\;C:\Users\Ganesh\AppData\Local\Android\Sdk\platform-tools;C:\Users\Ganesh\AppData\Local\Programs\Python\Python310\Scripts\;C:\Users\Ganesh\AppData\Local\Programs\Python\Python310\;C:\Users\Ganesh\AppData\Local\Microsoft\WindowsApps;C:\Users\Ganesh\AppData\Loca
USERNAME=Ganesh
LANG=en_US.UTF-8
OS=Windows_NT
PROCESSOR_IDENTIFIER=AMD64 Family 23 Model 96 Stepping 1, AuthenticAMD
TMP=C:\Users\Ganesh\AppData\Local\Temp
TEMP=C:\Users\Ganesh\AppData\Local\Temp



---------------  S Y S T E M  ---------------

OS: Windows 11 , 64 bit Build 22621 (10.0.22621.1635)
OS uptime: 0 days 5:23 hours
Hyper-V role detected

CPU:total 16 (initial active 16) (16 cores per cpu, 2 threads per core) family 23 model 96 stepping 1 microcode 0x0, cmov, cx8, fxsr, mmx, sse, sse2, sse3, ssse3, sse4.1, sse4.2, popcnt, avx, avx2, aes, clmul, mmxext, 3dnowpref, lzcnt, sse4a, ht, tsc, tscinvbit, tscinv, bmi1, bmi2, adx, sha, fma

Memory: 4k page, system-wide physical 15790M (1871M free)
TotalPageFile size 23982M (AvailPageFile size 165M)
current process WorkingSet (physical memory assigned to process): 11M, peak: 11M
current process commit charge ("private bytes"): 71M, peak: 319M

vm_info: OpenJDK 64-Bit Server VM (11.0.18+10-LTS) for windows-amd64 JRE (11.0.18+10-LTS), built on Jan 18 2023 15:56:47 by "MicrosoftCorporation" with MS VC++ 15.9 (VS2017)

END.
